<?xml version="1.0" encoding="UTF-8"?>
<!-- Generated by org.testng.reporters.JUnitXMLReporter -->
<testsuite ignored="0" hostname="Arete-GFF00J3" failures="0" tests="4" name="usert" time="9.247" errors="0" timestamp="2024-05-30T13:48:46 IST">
  <testcase classname="api.test.UserTests" name="testPostUser" time="3.713"/>
  <testcase classname="api.test.UserTests" name="testGetUserByName" time="1.211"/>
  <testcase classname="api.test.UserTests" name="testUpdateUserByName" time="2.286"/>
  <testcase classname="api.test.UserTests" name="testDeleteUserByName" time="1.143"/>
</testsuite> <!-- usert -->
