<?xml version="1.0" encoding="UTF-8"?>
<!-- Generated by org.testng.reporters.JUnitXMLReporter -->
<testsuite ignored="0" hostname="Arete-GFF00J3" failures="0" tests="6" name="Default test" time="11.742" errors="0" timestamp="2024-05-21T11:24:48 IST">
  <testcase classname="api.test.DDTests" name="testPostUser" time="3.141"/>
  <testcase classname="api.test.DDTests" name="testPostUser" time="1.439"/>
  <testcase classname="api.test.DDTests" name="testPostUser" time="1.382"/>
  <testcase classname="api.test.DDTests" name="testDeleteUserByName" time="1.374"/>
  <testcase classname="api.test.DDTests" name="testDeleteUserByName" time="1.429"/>
  <testcase classname="api.test.DDTests" name="testDeleteUserByName" time="1.424"/>
</testsuite> <!-- Default test -->
