<?xml version="1.0" encoding="UTF-8"?>
<testng-results ignored="0" total="4" passed="4" failed="0" skipped="0">
  <reporter-output>
  </reporter-output>
  <suite started-at="2024-05-30T13:48:37 IST" name="UserSuite" finished-at="2024-05-30T13:48:46 IST" duration-ms="9247">
    <groups>
    </groups>
    <test started-at="2024-05-30T13:48:37 IST" name="usert" finished-at="2024-05-30T13:48:46 IST" duration-ms="9247">
      <class name="api.test.UserTests">
        <test-method is-config="true" signature="SetupData()[pri:0, instance:api.test.UserTests@1ffaf86]" started-at="2024-05-30T13:48:37 IST" name="SetupData" finished-at="2024-05-30T13:48:38 IST" duration-ms="616" status="PASS">
          <reporter-output>
          </reporter-output>
        </test-method> <!-- SetupData -->
        <test-method signature="testPostUser()[pri:1, instance:api.test.UserTests@1ffaf86]" started-at="2024-05-30T13:48:38 IST" name="testPostUser" finished-at="2024-05-30T13:48:41 IST" duration-ms="3713" status="PASS">
          <reporter-output>
          </reporter-output>
        </test-method> <!-- testPostUser -->
        <test-method signature="testGetUserByName()[pri:2, instance:api.test.UserTests@1ffaf86]" started-at="2024-05-30T13:48:41 IST" name="testGetUserByName" finished-at="2024-05-30T13:48:43 IST" duration-ms="1211" status="PASS">
          <reporter-output>
          </reporter-output>
        </test-method> <!-- testGetUserByName -->
        <test-method signature="testUpdateUserByName()[pri:3, instance:api.test.UserTests@1ffaf86]" started-at="2024-05-30T13:48:43 IST" name="testUpdateUserByName" finished-at="2024-05-30T13:48:45 IST" duration-ms="2286" status="PASS">
          <reporter-output>
          </reporter-output>
        </test-method> <!-- testUpdateUserByName -->
        <test-method signature="testDeleteUserByName()[pri:4, instance:api.test.UserTests@1ffaf86]" started-at="2024-05-30T13:48:45 IST" name="testDeleteUserByName" finished-at="2024-05-30T13:48:46 IST" duration-ms="1143" status="PASS">
          <reporter-output>
          </reporter-output>
        </test-method> <!-- testDeleteUserByName -->
      </class> <!-- api.test.UserTests -->
    </test> <!-- usert -->
  </suite> <!-- UserSuite -->
</testng-results>
